<?xml version="1.0" encoding="UTF-8"?>
<coverage generated="1483291832961" clover="3.2.0">
  <project timestamp="1483291832961" name="All files">
    <metrics statements="7" coveredstatements="6" conditionals="2" coveredconditionals="1" methods="4" coveredmethods="3" elements="13" coveredelements="10" complexity="0" loc="7" ncloc="7" packages="1" files="2" classes="2">
      <file name="Component.js" path="/Users/Rinzler/Projects/Personal/library-boilerplate/src/component/js/Component.js">
        <metrics statements="4" coveredstatements="4" conditionals="2" coveredconditionals="1" methods="3" coveredmethods="3"/>
        <line num="22" count="1" type="stmt"/>
        <line num="26" count="1" type="stmt"/>
        <line num="27" count="1" type="stmt"/>
        <line num="32" count="1" type="stmt"/>
      </file>
      <file name="ComponentTwo.js" path="/Users/Rinzler/Projects/Personal/library-boilerplate/src/component/js/ComponentTwo.js">
        <metrics statements="3" coveredstatements="2" conditionals="0" coveredconditionals="0" methods="1" coveredmethods="0"/>
        <line num="5" count="1" type="stmt"/>
        <line num="6" count="0" type="stmt"/>
        <line num="13" count="1" type="stmt"/>
      </file>
    </metrics>
  </project>
</coverage>
