<?xml version="1.0" encoding="UTF-8"?>
<coverage generated="1488628770176" clover="3.2.0">
  <project timestamp="1488628770176" name="All files">
    <metrics statements="7" coveredstatements="7" conditionals="2" coveredconditionals="1" methods="4" coveredmethods="4" elements="13" coveredelements="12" complexity="0" loc="7" ncloc="7" packages="1" files="2" classes="2">
      <file name="Component.js" path="/Users/Rinzler/Projects/Personal/library-boilerplate/src/component/js/Component.js">
        <metrics statements="4" coveredstatements="4" conditionals="2" coveredconditionals="1" methods="3" coveredmethods="3"/>
        <line num="22" count="2" type="stmt"/>
        <line num="26" count="2" type="stmt"/>
        <line num="27" count="2" type="stmt"/>
        <line num="32" count="2" type="stmt"/>
      </file>
      <file name="ComponentTwo.js" path="/Users/Rinzler/Projects/Personal/library-boilerplate/src/component/js/ComponentTwo.js">
        <metrics statements="3" coveredstatements="3" conditionals="0" coveredconditionals="0" methods="1" coveredmethods="1"/>
        <line num="5" count="1" type="stmt"/>
        <line num="6" count="1" type="stmt"/>
        <line num="13" count="1" type="stmt"/>
      </file>
    </metrics>
  </project>
</coverage>
