{"/Users/Rinzler/Projects/Personal/library-boilerplate/src/component/js/Component.js": {"path":"/Users/Rinzler/Projects/Personal/library-boilerplate/src/component/js/Component.js","statementMap":{"0":{"start":{"line":1,"column":121},"end":{"line":1,"column":650}},"1":{"start":{"line":1,"column":176},"end":{"line":1,"column":441}},"2":{"start":{"line":1,"column":233},"end":{"line":1,"column":241}},"3":{"start":{"line":1,"column":242},"end":{"line":1,"column":297}},"4":{"start":{"line":1,"column":297},"end":{"line":1,"column":328}},"5":{"start":{"line":1,"column":328},"end":{"line":1,"column":382}},"6":{"start":{"line":1,"column":355},"end":{"line":1,"column":382}},"7":{"start":{"line":1,"column":382},"end":{"line":1,"column":440}},"8":{"start":{"line":1,"column":442},"end":{"line":1,"column":647}},"9":{"start":{"line":1,"column":498},"end":{"line":1,"column":566}},"10":{"start":{"line":1,"column":514},"end":{"line":1,"column":566}},"11":{"start":{"line":1,"column":566},"end":{"line":1,"column":626}},"12":{"start":{"line":1,"column":583},"end":{"line":1,"column":626}},"13":{"start":{"line":1,"column":626},"end":{"line":1,"column":645}},"14":{"start":{"line":6,"column":195},"end":{"line":6,"column":294}},"15":{"start":{"line":6,"column":236},"end":{"line":6,"column":293}},"16":{"start":{"line":6,"column":344},"end":{"line":6,"column":443}},"17":{"start":{"line":6,"column":356},"end":{"line":6,"column":442}},"18":{"start":{"line":6,"column":443},"end":{"line":6,"column":529}},"19":{"start":{"line":6,"column":572},"end":{"line":6,"column":735}},"20":{"start":{"line":6,"column":634},"end":{"line":6,"column":734}},"21":{"start":{"line":6,"column":735},"end":{"line":6,"column":899}},"22":{"start":{"line":6,"column":899},"end":{"line":6,"column":1017}},"23":{"start":{"line":6,"column":915},"end":{"line":6,"column":1017}},"24":{"start":{"line":8,"column":16},"end":{"line":37,"column":48}},"25":{"start":{"line":8,"column":39},"end":{"line":8,"column":76}},"26":{"start":{"line":21,"column":133},"end":{"line":22,"column":9}},"27":{"start":{"line":23,"column":2},"end":{"line":37,"column":8}},"28":{"start":{"line":30,"column":3},"end":{"line":34,"column":146}},"29":{"start":{"line":37,"column":8},"end":{"line":37,"column":29}}},"fnMap":{"0":{"name":"(anonymous_0)","decl":{"start":{"line":1,"column":121},"end":{"line":1,"column":122}},"loc":{"start":{"line":1,"column":133},"end":{"line":1,"column":648}}},"1":{"name":"defineProperties","decl":{"start":{"line":1,"column":143},"end":{"line":1,"column":159}},"loc":{"start":{"line":1,"column":175},"end":{"line":1,"column":442}}},"2":{"name":"(anonymous_2)","decl":{"start":{"line":1,"column":449},"end":{"line":1,"column":450}},"loc":{"start":{"line":1,"column":497},"end":{"line":1,"column":646}}},"3":{"name":"_classCallCheck","decl":{"start":{"line":6,"column":155},"end":{"line":6,"column":170}},"loc":{"start":{"line":6,"column":194},"end":{"line":6,"column":295}}},"4":{"name":"_possibleConstructorReturn","decl":{"start":{"line":6,"column":304},"end":{"line":6,"column":330}},"loc":{"start":{"line":6,"column":343},"end":{"line":6,"column":530}}},"5":{"name":"_inherits","decl":{"start":{"line":6,"column":539},"end":{"line":6,"column":548}},"loc":{"start":{"line":6,"column":571},"end":{"line":6,"column":1018}}},"6":{"name":"(anonymous_6)","decl":{"start":{"line":8,"column":16},"end":{"line":8,"column":17}},"loc":{"start":{"line":8,"column":38},"end":{"line":37,"column":30}}},"7":{"name":"SomeComponent","decl":{"start":{"line":21,"column":36},"end":{"line":21,"column":49}},"loc":{"start":{"line":21,"column":57},"end":{"line":23,"column":2}}},"8":{"name":"componentWillMount","decl":{"start":{"line":23,"column":76},"end":{"line":23,"column":94}},"loc":{"start":{"line":25,"column":2},"end":{"line":27,"column":3}}},"9":{"name":"render","decl":{"start":{"line":27,"column":40},"end":{"line":27,"column":46}},"loc":{"start":{"line":29,"column":2},"end":{"line":37,"column":3}}}},"branchMap":{"0":{"loc":{"start":{"line":1,"column":266},"end":{"line":1,"column":296}},"type":"binary-expr","locations":[{"start":{"line":1,"column":266},"end":{"line":1,"column":287}},{"start":{"line":1,"column":291},"end":{"line":1,"column":296}}]},"1":{"loc":{"start":{"line":1,"column":328},"end":{"line":1,"column":382}},"type":"if","locations":[{"start":{"line":1,"column":328},"end":{"line":1,"column":382}},{"start":{"line":1,"column":328},"end":{"line":1,"column":382}}]},"2":{"loc":{"start":{"line":1,"column":498},"end":{"line":1,"column":566}},"type":"if","locations":[{"start":{"line":1,"column":498},"end":{"line":1,"column":566}},{"start":{"line":1,"column":498},"end":{"line":1,"column":566}}]},"3":{"loc":{"start":{"line":1,"column":566},"end":{"line":1,"column":626}},"type":"if","locations":[{"start":{"line":1,"column":566},"end":{"line":1,"column":626}},{"start":{"line":1,"column":566},"end":{"line":1,"column":626}}]},"4":{"loc":{"start":{"line":6,"column":195},"end":{"line":6,"column":294}},"type":"if","locations":[{"start":{"line":6,"column":195},"end":{"line":6,"column":294}},{"start":{"line":6,"column":195},"end":{"line":6,"column":294}}]},"5":{"loc":{"start":{"line":6,"column":344},"end":{"line":6,"column":443}},"type":"if","locations":[{"start":{"line":6,"column":344},"end":{"line":6,"column":443}},{"start":{"line":6,"column":344},"end":{"line":6,"column":443}}]},"6":{"loc":{"start":{"line":6,"column":450},"end":{"line":6,"column":528}},"type":"cond-expr","locations":[{"start":{"line":6,"column":517},"end":{"line":6,"column":521}},{"start":{"line":6,"column":524},"end":{"line":6,"column":528}}]},"7":{"loc":{"start":{"line":6,"column":450},"end":{"line":6,"column":514}},"type":"binary-expr","locations":[{"start":{"line":6,"column":450},"end":{"line":6,"column":454}},{"start":{"line":6,"column":459},"end":{"line":6,"column":483}},{"start":{"line":6,"column":487},"end":{"line":6,"column":513}}]},"8":{"loc":{"start":{"line":6,"column":572},"end":{"line":6,"column":735}},"type":"if","locations":[{"start":{"line":6,"column":572},"end":{"line":6,"column":735}},{"start":{"line":6,"column":572},"end":{"line":6,"column":735}}]},"9":{"loc":{"start":{"line":6,"column":576},"end":{"line":6,"column":631}},"type":"binary-expr","locations":[{"start":{"line":6,"column":576},"end":{"line":6,"column":608}},{"start":{"line":6,"column":612},"end":{"line":6,"column":631}}]},"10":{"loc":{"start":{"line":6,"column":770},"end":{"line":6,"column":804}},"type":"binary-expr","locations":[{"start":{"line":6,"column":770},"end":{"line":6,"column":780}},{"start":{"line":6,"column":784},"end":{"line":6,"column":804}}]},"11":{"loc":{"start":{"line":6,"column":899},"end":{"line":6,"column":1017}},"type":"if","locations":[{"start":{"line":6,"column":899},"end":{"line":6,"column":1017}},{"start":{"line":6,"column":899},"end":{"line":6,"column":1017}}]},"12":{"loc":{"start":{"line":6,"column":915},"end":{"line":6,"column":1016}},"type":"cond-expr","locations":[{"start":{"line":6,"column":939},"end":{"line":6,"column":982}},{"start":{"line":6,"column":985},"end":{"line":6,"column":1016}}]},"13":{"loc":{"start":{"line":21,"column":167},"end":{"line":21,"column":230}},"type":"binary-expr","locations":[{"start":{"line":21,"column":167},"end":{"line":21,"column":190}},{"start":{"line":21,"column":194},"end":{"line":21,"column":230}}]}},"s":{"0":1,"1":1,"2":2,"3":2,"4":2,"5":2,"6":2,"7":2,"8":1,"9":1,"10":1,"11":1,"12":0,"13":1,"14":1,"15":0,"16":1,"17":0,"18":1,"19":1,"20":0,"21":1,"22":1,"23":1,"24":1,"25":1,"26":1,"27":1,"28":1,"29":1},"f":{"0":1,"1":1,"2":1,"3":1,"4":1,"5":1,"6":1,"7":1,"8":1,"9":1},"b":{"0":[2,2],"1":[2,0],"2":[1,0],"3":[0,1],"4":[0,1],"5":[0,1],"6":[0,1],"7":[1,0,0],"8":[0,1],"9":[1,0],"10":[1,1],"11":[1,0],"12":[1,0],"13":[1,0]},"_coverageSchema":"332fd63041d2c1bcb487cc26dd0d5f7d97098a6c","hash":"f73cbc13bc20eea5989fe754b12bfc35e895b4f6"}
,"/Users/Rinzler/Projects/Personal/library-boilerplate/src/component/js/ComponentTwo.js": {"path":"/Users/Rinzler/Projects/Personal/library-boilerplate/src/component/js/ComponentTwo.js","statementMap":{"0":{"start":{"line":3,"column":166},"end":{"line":3,"column":220}},"1":{"start":{"line":5,"column":19},"end":{"line":11,"column":1}},"2":{"start":{"line":6,"column":1},"end":{"line":7,"column":168}},"3":{"start":{"line":13,"column":0},"end":{"line":13,"column":28}}},"fnMap":{"0":{"name":"_interopRequireDefault","decl":{"start":{"line":3,"column":137},"end":{"line":3,"column":159}},"loc":{"start":{"line":3,"column":165},"end":{"line":3,"column":221}}},"1":{"name":"ComponentTwo","decl":{"start":{"line":5,"column":28},"end":{"line":5,"column":40}},"loc":{"start":{"line":5,"column":43},"end":{"line":11,"column":1}}}},"branchMap":{"0":{"loc":{"start":{"line":3,"column":173},"end":{"line":3,"column":219}},"type":"cond-expr","locations":[{"start":{"line":3,"column":197},"end":{"line":3,"column":200}},{"start":{"line":3,"column":203},"end":{"line":3,"column":219}}]},"1":{"loc":{"start":{"line":3,"column":173},"end":{"line":3,"column":194}},"type":"binary-expr","locations":[{"start":{"line":3,"column":173},"end":{"line":3,"column":176}},{"start":{"line":3,"column":180},"end":{"line":3,"column":194}}]}},"s":{"0":1,"1":1,"2":0,"3":1},"f":{"0":1,"1":0},"b":{"0":[0,1],"1":[1,1]},"_coverageSchema":"332fd63041d2c1bcb487cc26dd0d5f7d97098a6c","hash":"c609c167485f830a55f3cb99dec4a9fdbb26742b"}
}
