TN:
SF:/Users/Rinzler/Projects/Personal/library-boilerplate/src/component/js/Component.js
FN:21,(anonymous_0)
FN:25,(anonymous_1)
FN:31,(anonymous_2)
FNF:3
FNH:3
FNDA:2,(anonymous_0)
FNDA:2,(anonymous_1)
FNDA:2,(anonymous_2)
DA:22,2
DA:26,2
DA:27,2
DA:32,2
LF:4
LH:4
BRDA:26,0,0,2
BRDA:26,0,1,0
BRF:2
BRH:1
end_of_record
TN:
SF:/Users/Rinzler/Projects/Personal/library-boilerplate/src/component/js/ComponentTwo.js
FN:5,(anonymous_0)
FNF:1
FNH:1
FNDA:1,(anonymous_0)
DA:5,1
DA:6,1
DA:13,1
LF:3
LH:3
BRF:0
BRH:0
end_of_record
